[debug] [2020-08-18T15:53:38.212Z] ----------------------------------------------------------------------
[debug] [2020-08-18T15:53:38.214Z] Command:       C:\Program Files\nodejs\node.exe C:\Program Files\nodejs\node_modules\firebase-tools\lib\bin\firebase.js init
[debug] [2020-08-18T15:53:38.214Z] CLI Version:   8.7.0
[debug] [2020-08-18T15:53:38.214Z] Platform:      win32
[debug] [2020-08-18T15:53:38.214Z] Node Version:  v12.18.2
[debug] [2020-08-18T15:53:38.215Z] Time:          Tue Aug 18 2020 17:53:38 GMT+0200 (Central European Summer Time)
[debug] [2020-08-18T15:53:38.215Z] ----------------------------------------------------------------------
[debug] [2020-08-18T15:53:38.215Z] 
[debug] [2020-08-18T15:53:38.220Z] > command requires scopes: ["email","openid","https://www.googleapis.com/auth/cloudplatformprojects.readonly","https://www.googleapis.com/auth/firebase","https://www.googleapis.com/auth/cloud-platform"]
[debug] [2020-08-18T15:53:38.220Z] > authorizing via signed-in user
[info] 
     ######## #### ########  ######## ########     ###     ######  ########
     ##        ##  ##     ## ##       ##     ##  ##   ##  ##       ##
     ######    ##  ########  ######   ########  #########  ######  ######
     ##        ##  ##    ##  ##       ##     ## ##     ##       ## ##
     ##       #### ##     ## ######## ########  ##     ##  ######  ########

You're about to initialize a Firebase project in this directory:

  C:\code\cascade8\project-manhattan

Before we get started, keep in mind:

  * You are currently outside your home directory
  * You are initializing in an existing Firebase project directory

